WARNING:root:   56041
WARNING:root:   38870
WARNING:root:   56049
WARNING:root:   56043
WARNING:root:   56020
WARNING:root:   56077
WARNING:root:   56002
WARNING:root:   56095
WARNING:root:   56012
WARNING:root:   38871
WARNING:root:   56008
WARNING:root:   38874
WARNING:root:   84057
WARNING:root:   56085
WARNING:root:   56047
WARNING:root:   56044
WARNING:root:   56074
WARNING:root:   56056
WARNING:root:   56059
WARNING:root:   56048
WARNING:root:   56017
WARNING:root:   56045
WARNING:root:   56046
WARNING:root:   56067
WARNING:root:   56052
WARNING:root:   38873
WARNING:root:   56026
WARNING:root:   56051
WARNING:root:   56072
WARNING:root:   56039
WARNING:root:   56063
WARNING:root:   56024
WARNING:root:   56075
WARNING:root:   56071
WARNING:root:   38869
WARNING:root:   56007
WARNING:root:   38872
WARNING:root:   56029
WARNING:root:   56081
WARNING:root:   56070
WARNING:root:   56001
WARNING:root:   38876
WARNING:root:   56065
WARNING:root:   56021
WARNING:root:   56038
WARNING:root:   56076
WARNING:root:   76340
WARNING:root:   56084
WARNING:root:   56050
WARNING:root:   56062
WARNING:root:   56060
WARNING:root:   56035
WARNING:root:   56000
WARNING:root:   56016
WARNING:root:   76395
WARNING:root:   56068
WARNING:root:   38875
WARNING:root:   56023
WARNING:root:   67788
WARNING:root:   56091
WARNING:root:   56032
WARNING:root:   56073
WARNING:root:   56053
WARNING:root:   56080
WARNING:root:   56078
WARNING:root:   56019
WARNING:root:   56090
WARNING:root:   56027
WARNING:root:   56079
WARNING:root:   7527
WARNING:root:   56066
WARNING:root:   38868
WARNING:root:   56018
WARNING:root:   56015
WARNING:root:   56013
WARNING:root:   56069
WARNING:root:   23567
WARNING:root:   56030
WARNING:root:   56034
WARNING:root:   56093
WARNING:root:   56092
WARNING:root:   56061
WARNING:root:   56040
WARNING:root:   56036
WARNING:root:   56003
WARNING:root:   76394
WARNING:root:   56009
WARNING:root:   56006
WARNING:root:   56082
WARNING:root:   56028
WARNING:root:   56037
WARNING:root:   56064
WARNING:root:   56055
WARNING:root:   56025
WARNING:root:   56054
WARNING:root:   56033
WARNING:root:   56010
WARNING:root:   55087
WARNING:root:   84058
WARNING:root:   56083
