WARNING:root:   56154
WARNING:root:   38870
WARNING:root:   56161
WARNING:root:   56041
WARNING:root:   56054
WARNING:root:   56149
WARNING:root:   56037
WARNING:root:   56100
WARNING:root:   56039
WARNING:root:   56313
WARNING:root:   56050
WARNING:root:   56015
WARNING:root:   56117
WARNING:root:   56006
WARNING:root:   56023
WARNING:root:   56080
WARNING:root:   56145
WARNING:root:   56075
WARNING:root:   56156
WARNING:root:   56033
WARNING:root:   56103
WARNING:root:   56053
WARNING:root:   56052
WARNING:root:   56009
WARNING:root:   56124
WARNING:root:   56152
WARNING:root:   56126
WARNING:root:   56060
WARNING:root:   56159
WARNING:root:   56063
WARNING:root:   56044
WARNING:root:   56106
WARNING:root:   56148
WARNING:root:   56121
WARNING:root:   38869
WARNING:root:   56025
WARNING:root:   56129
WARNING:root:   56158
WARNING:root:   56076
WARNING:root:   56153
WARNING:root:   38873
WARNING:root:   56099
WARNING:root:   56102
WARNING:root:   56068
WARNING:root:   56157
WARNING:root:   56008
WARNING:root:   56026
WARNING:root:   56019
WARNING:root:   56049
WARNING:root:   38868
WARNING:root:   56104
WARNING:root:   56112
WARNING:root:   56155
WARNING:root:   56095
WARNING:root:   84058
WARNING:root:   56064
WARNING:root:   38876
WARNING:root:   56038
WARNING:root:   56130
WARNING:root:   56150
WARNING:root:   56059
WARNING:root:   56000
WARNING:root:   56020
WARNING:root:   56160
WARNING:root:   38875
WARNING:root:   38871
WARNING:root:   56001
WARNING:root:   56055
WARNING:root:   56118
WARNING:root:   56029
WARNING:root:   56096
WARNING:root:   56085
WARNING:root:   56119
WARNING:root:   56030
WARNING:root:   56116
WARNING:root:   56090
WARNING:root:   55087
WARNING:root:   56048
WARNING:root:   56010
WARNING:root:   56013
WARNING:root:   56072
WARNING:root:   56147
WARNING:root:   56045
WARNING:root:   56146
WARNING:root:   56069
WARNING:root:   23567
WARNING:root:   56128
WARNING:root:   56101
WARNING:root:   56002
WARNING:root:   56079
WARNING:root:   56092
WARNING:root:   56091
WARNING:root:   56065
WARNING:root:   56028
WARNING:root:   56040
WARNING:root:   56003
WARNING:root:   56151
WARNING:root:   56036
WARNING:root:   56077
WARNING:root:   56083
WARNING:root:   56122
WARNING:root:   56071
WARNING:root:   56093
WARNING:root:   84057
WARNING:root:   56056
WARNING:root:   56047
WARNING:root:   67788
WARNING:root:   56016
WARNING:root:   56021
WARNING:root:   56113
WARNING:root:   56107
WARNING:root:   56061
WARNING:root:   56032
WARNING:root:   56062
WARNING:root:   56074
WARNING:root:   56115
WARNING:root:   56078
WARNING:root:   56051
WARNING:root:   56109
WARNING:root:   56127
WARNING:root:   38874
WARNING:root:   56027
WARNING:root:   56043
WARNING:root:   56082
WARNING:root:   7527
WARNING:root:   56007
WARNING:root:   56024
WARNING:root:   56067
WARNING:root:   56066
WARNING:root:   56035
WARNING:root:   56125
WARNING:root:   56084
WARNING:root:   56017
WARNING:root:   56034
WARNING:root:   76340
WARNING:root:   56073
WARNING:root:   56111
WARNING:root:   56046
WARNING:root:   56018
WARNING:root:   56120
WARNING:root:   56081
WARNING:root:   56105
WARNING:root:   56114
WARNING:root:   38872
WARNING:root:   56123
WARNING:root:   56070
